{"level":"error","message":"This is an error!","service":"movie-backend"}
{"level":"error","message":"[reqId:1d8a5809] DELETE /api/QuanLyNguoiDung/XoaNguoiDung/13 - \nInvalid `prisma.nguoiDung.update()` invocation:\n\n{\n  where: {\n    tai_khoan: 13\n  },\n  data: {\n    isDeleted: true,\n    ~~~~~~~~~\n?   ho_ten?: String | NullableStringFieldUpdateOperationsInput | Null,\n?   email?: String | NullableStringFieldUpdateOperationsInput | Null,\n?   so_dt?: String | NullableStringFieldUpdateOperationsInput | Null,\n?   mat_khau?: String | NullableStringFieldUpdateOperationsInput | Null,\n?   loai_nguoi_dung?: String | NullableStringFieldUpdateOperationsInput | Null,\n?   DatVe?: DatVeUpdateManyWithoutNguoiDungNestedInput,\n?   GiuCho?: GiuChoUpdateManyWithoutNguoiDungNestedInput\n  }\n}\n\nUnknown argument `isDeleted`. Available options are marked with ?."}
{"level":"error","message":"[reqId:e9b3383c] DELETE /api/QuanLyNguoiDung/XoaNguoiDung/13 - \nInvalid `prisma.nguoiDung.update()` invocation:\n\n{\n  where: {\n    tai_khoan: 13\n  },\n  data: {\n    isDeleted: true,\n    ~~~~~~~~~\n?   ho_ten?: String | NullableStringFieldUpdateOperationsInput | Null,\n?   email?: String | NullableStringFieldUpdateOperationsInput | Null,\n?   so_dt?: String | NullableStringFieldUpdateOperationsInput | Null,\n?   mat_khau?: String | NullableStringFieldUpdateOperationsInput | Null,\n?   loai_nguoi_dung?: String | NullableStringFieldUpdateOperationsInput | Null,\n?   DatVe?: DatVeUpdateManyWithoutNguoiDungNestedInput,\n?   GiuCho?: GiuChoUpdateManyWithoutNguoiDungNestedInput\n  }\n}\n\nUnknown argument `isDeleted`. Available options are marked with ?."}
{"level":"error","message":"[reqId:d14c908c] DELETE /api/QuanLyNguoiDung/XoaNguoiDung/15 - \nInvalid `prisma.nguoiDung.update()` invocation:\n\n{\n  where: {\n    tai_khoan: 15\n  },\n  data: {\n    isDeleted: true,\n    ~~~~~~~~~\n?   ho_ten?: String | NullableStringFieldUpdateOperationsInput | Null,\n?   email?: String | NullableStringFieldUpdateOperationsInput | Null,\n?   so_dt?: String | NullableStringFieldUpdateOperationsInput | Null,\n?   mat_khau?: String | NullableStringFieldUpdateOperationsInput | Null,\n?   loai_nguoi_dung?: String | NullableStringFieldUpdateOperationsInput | Null,\n?   DatVe?: DatVeUpdateManyWithoutNguoiDungNestedInput,\n?   GiuCho?: GiuChoUpdateManyWithoutNguoiDungNestedInput\n  }\n}\n\nUnknown argument `isDeleted`. Available options are marked with ?."}
{"level":"error","message":"[reqId:65b55a36] DELETE /api/QuanLyNguoiDung/XoaNguoiDung/15 - \nInvalid `prisma.nguoiDung.update()` invocation:\n\n{\n  where: {\n    tai_khoan: 15\n  },\n+ data: NguoiDungUpdateInput | NguoiDungUncheckedUpdateInput\n}\n\nArgument `data` is missing."}
{"level":"error","message":"[reqId:d4321475] DELETE /api/QuanLyNguoiDung/XoaNguoiDung/15 - \nInvalid `prisma.nguoiDung.update()` invocation:\n\n{\n  where: {\n    tai_khoan: 15\n  },\n+ data: NguoiDungUpdateInput | NguoiDungUncheckedUpdateInput\n}\n\nArgument `data` is missing."}
{"level":"error","message":"[reqId:b95796bd] DELETE /api/QuanLyNguoiDung/XoaNguoiDung/15 - \nInvalid `prisma.nguoiDung.findFirst()` invocation:\n\n{\n  where: {\n    tai_khoan: 15,\n    isDeleted: false,\n    ~~~~~~~~~\n?   AND?: NguoiDungWhereInput | NguoiDungWhereInput[],\n?   OR?: NguoiDungWhereInput[],\n?   NOT?: NguoiDungWhereInput | NguoiDungWhereInput[],\n?   ho_ten?: StringNullableFilter | String | Null,\n?   email?: StringNullableFilter | String | Null,\n?   so_dt?: StringNullableFilter | String | Null,\n?   mat_khau?: StringNullableFilter | String | Null,\n?   loai_nguoi_dung?: StringNullableFilter | String | Null,\n?   DatVe?: DatVeListRelationFilter,\n?   GiuCho?: GiuChoListRelationFilter\n  }\n}\n\nUnknown argument `isDeleted`. Available options are marked with ?."}
{"level":"error","message":"[reqId:195d1100] DELETE /api/QuanLyNguoiDung/XoaNguoiDung/16 - Tài khoản không tồn tại hoặc đã bị xóa"}
{"level":"error","message":"[reqId:6273ded1] DELETE /api/QuanLyNguoiDung/XoaNguoiDung/15 - Tài khoản không tồn tại hoặc đã bị xóa"}
{"level":"error","message":"[reqId:aa2bafe1] GET /api/QuanLyRap/LayThongTinCumRapTheoHeThong?ma_he_thong_rap=1 - Cannot read properties of undefined (reading 'body')"}
{"level":"error","message":"[reqId:6f60dd47] GET /api/QuanLyRap/LayThongTinCumRapTheoHeThong?ma_he_thong_rap=1 - Cannot read properties of undefined (reading 'body')"}
{"level":"error","message":"[reqId:ba041a95] DELETE /api/QuanLyPhim/XoaPhim/41 - Phim không tồn tại hoặc đã bị xóa"}
{"level":"error","message":"[reqId:48f2ea08] DELETE /api/QuanLyPhim/XoaPhim/41 - Phim không tồn tại hoặc đã bị xóa"}
{"level":"error","message":"[reqId:5e83a880] GET /api/QuanLyRap/LayThongTinLichChieuHeThongRap?ma_he_thong_rap=2 - \nInvalid `prisma.heThongRap.findUnique()` invocation:\n\n{\n  where: {\n    ma_he_thong_rap: 2\n  },\n  select: {\n    ma_he_thong_rap: true,\n    ten_he_thong_rap: true,\n    CumRap: {\n      ma_cum_rap: true,\n      ~~~~~~~~~~\n      ten_cum_rap: true,\n      select: {\n        RapPhim: {\n          ma_rap: true,\n          ten_rap: true,\n          select: {\n            LichChieu: {\n              ma_lich_chieu: true,\n              ngay_gio_chieu: true,\n              gia_ve: true,\n              select: {\n                Phim: {\n                  select: {\n                    ma_phim: true,\n                    ten_phim: true,\n                    hinh_anh: true\n                  }\n                }\n              }\n            }\n          }\n        }\n      },\n?     where?: CumRapWhereInput,\n?     orderBy?: CumRapOrderByWithRelationInput[] | CumRapOrderByWithRelationInput,\n?     cursor?: CumRapWhereUniqueInput,\n?     take?: Int,\n?     skip?: Int,\n?     distinct?: CumRapScalarFieldEnum | CumRapScalarFieldEnum[]\n    }\n  }\n}\n\nUnknown argument `ma_cum_rap`. Available options are marked with ?."}
{"level":"error","message":"[reqId:8298a1a4] GET /api/QuanLyRap/LayThongTinLichChieuHeThongRap?ma_he_thong_rap=2 - \nInvalid `prisma.heThongRap.findUnique()` invocation:\n\n{\n  where: {\n    ma_he_thong_rap: 2\n  },\n  select: {\n    ma_he_thong_rap: true,\n    ten_he_thong_rap: true,\n    CumRap: {\n      ma_cum_rap: true,\n      ~~~~~~~~~~\n      ten_cum_rap: true,\n      RapPhim: {\n        ma_rap: true,\n        ten_rap: true,\n        LichChieu: {\n          ma_lich_chieu: true,\n          ngay_gio_chieu: true,\n          gia_ve: true,\n          Phim: {\n            select: {\n              ma_phim: true,\n              ten_phim: true,\n              hinh_anh: true\n            }\n          }\n        }\n      },\n?     where?: CumRapWhereInput,\n?     orderBy?: CumRapOrderByWithRelationInput[] | CumRapOrderByWithRelationInput,\n?     cursor?: CumRapWhereUniqueInput,\n?     take?: Int,\n?     skip?: Int,\n?     distinct?: CumRapScalarFieldEnum | CumRapScalarFieldEnum[]\n    }\n  }\n}\n\nUnknown argument `ma_cum_rap`. Available options are marked with ?."}
{"level":"error","message":"[reqId:undefined] POST /api/QuanLyNguoiDung/DangNhap - Bad control character in string literal in JSON at position 53 (line 3 column 24)"}
{"level":"error","message":"[reqId:bd17edc7] POST /api/QuanLyNguoiDung/DangNhap - Email hoặc mật khẩu không đúng"}
{"level":"error","message":"[reqId:94610b00] POST /api/QuanLyNguoiDung/refresh-token - Cannot read properties of undefined (reading 'body')"}
{"level":"error","message":"[reqId:cbea0379] POST /api/QuanLyNguoiDung/refresh-token - Cannot read properties of undefined (reading 'body')"}
{"level":"error","message":"[reqId:148d55b0] POST /api/QuanLyNguoiDung/DangKy - Email đã tồn tại"}
{"level":"error","message":"[reqId:5296d214] POST /api/QuanLyNguoiDung/refresh-token - Cannot read properties of undefined (reading 'body')"}
{"level":"error","message":"[reqId:d9e422a2] DELETE /api/QuanLyNguoiDung/XoaNguoiDung/19 - meta is not defined"}
{"level":"error","message":"[reqId:fae26342] DELETE /api/QuanLyNguoiDung/XoaNguoiDung/19 - Tài khoản không tồn tại hoặc đã bị xóa"}
{"level":"error","message":"[reqId:0bd09429] DELETE /api/QuanLyNguoiDung/XoaNguoiDung/20 - meta is not defined"}
{"level":"error","message":"[reqId:3e921a22] DELETE /api/QuanLyNguoiDung/XoaNguoiDung/21 - Tài khoản không tồn tại hoặc đã bị xóa"}
{"level":"error","message":"[reqId:f157fb6f] DELETE /api/QuanLyNguoiDung/XoaNguoiDung/22 - Tài khoản không tồn tại hoặc đã bị xóa"}
{"level":"error","message":"[reqId:72137c92] POST /api/QuanLyNguoiDung/DangNhap - pool timeout: failed to retrieve a connection from pool after 10011ms\n    (pool connections: active=0 idle=0 limit=5)"}
{"level":"error","message":"[reqId:40e02776] POST /api/QuanLyNguoiDung/DangNhap - pool timeout: failed to retrieve a connection from pool after 10006ms\n    (pool connections: active=0 idle=0 limit=5)"}
{"level":"error","message":"[reqId:a96d3acf] POST /api/QuanLyNguoiDung/DangNhap - pool timeout: failed to retrieve a connection from pool after 10000ms\n    (pool connections: active=0 idle=0 limit=5)"}
{"level":"error","message":"[reqId:cb94007c] POST /api/QuanLyNguoiDung/DangNhap - pool timeout: failed to retrieve a connection from pool after 10009ms\n    (pool connections: active=0 idle=0 limit=5)"}
{"level":"error","message":"[reqId:0e1ca4a5] POST /api/QuanLyNguoiDung/DangNhap - pool timeout: failed to retrieve a connection from pool after 10010ms\n    (pool connections: active=0 idle=0 limit=5)"}
{"level":"error","message":"[reqId:8afd0847] POST /api/QuanLyNguoiDung/DangNhap - pool timeout: failed to retrieve a connection from pool after 10001ms\n    (pool connections: active=0 idle=0 limit=5)"}
{"level":"error","message":"[reqId:ed35a618] POST /api/QuanLyNguoiDung/DangNhap - pool timeout: failed to retrieve a connection from pool after 10009ms\n    (pool connections: active=0 idle=0 limit=5)"}
{"level":"error","message":"[reqId:def68644] POST /api/QuanLyNguoiDung/DangNhap - pool timeout: failed to retrieve a connection from pool after 10011ms\n    (pool connections: active=0 idle=0 limit=5)"}
{"level":"error","message":"[reqId:c3b754e5] POST /api/QuanLyNguoiDung/DangNhap - pool timeout: failed to retrieve a connection from pool after 10013ms\n    (pool connections: active=0 idle=0 limit=5)"}
{"level":"error","message":"[reqId:e250e5e9] POST /api/QuanLyNguoiDung/DangNhap - pool timeout: failed to retrieve a connection from pool after 10016ms\n    (pool connections: active=0 idle=0 limit=5)"}
{"level":"error","message":"[reqId:8913953f] POST /api/QuanLyNguoiDung/DangNhap - pool timeout: failed to retrieve a connection from pool after 10017ms\n    (pool connections: active=0 idle=0 limit=5)"}
{"level":"error","message":"[reqId:6ad93d3f] POST /api/QuanLyNguoiDung/DangNhap - pool timeout: failed to retrieve a connection from pool after 10003ms\n    (pool connections: active=0 idle=0 limit=5)"}
{"level":"error","message":"[reqId:7b633cc2] POST /api/QuanLyNguoiDung/DangNhap - pool timeout: failed to retrieve a connection from pool after 10013ms\n    (pool connections: active=0 idle=0 limit=5)"}
{"level":"error","message":"[reqId:42389c45] POST /api/QuanLyNguoiDung/DangNhap - pool timeout: failed to retrieve a connection from pool after 10004ms\n    (pool connections: active=0 idle=0 limit=5)"}
{"level":"error","message":"[reqId:3c1562db] POST /api/QuanLyNguoiDung/DangNhap - pool timeout: failed to retrieve a connection from pool after 10001ms\n    (pool connections: active=0 idle=0 limit=5)"}
{"level":"error","message":"[reqId:d644cec8] POST /api/QuanLyNguoiDung/DangNhap - pool timeout: failed to retrieve a connection from pool after 10001ms\n    (pool connections: active=0 idle=0 limit=5)"}
{"level":"error","message":"[reqId:c2260f71] POST /api/QuanLyNguoiDung/DangNhap - pool timeout: failed to retrieve a connection from pool after 10012ms\n    (pool connections: active=0 idle=0 limit=5)"}
{"level":"error","message":"[reqId:499fc595] POST /api/QuanLyNguoiDung/DangNhap - pool timeout: failed to retrieve a connection from pool after 10015ms\n    (pool connections: active=0 idle=0 limit=5)"}
